

Started GET "/" for 127.0.0.1 at 2015-03-06 16:50:27 -0600

PG::ConnectionBad (could not connect to server: No such file or directory
	Is the server running locally and accepting
	connections on Unix domain socket "/tmp/.s.PGSQL.5432"?
):
  activerecord (4.1.7) lib/active_record/connection_adapters/postgresql_adapter.rb:888:in `initialize'
  activerecord (4.1.7) lib/active_record/connection_adapters/postgresql_adapter.rb:888:in `new'
  activerecord (4.1.7) lib/active_record/connection_adapters/postgresql_adapter.rb:888:in `connect'
  activerecord (4.1.7) lib/active_record/connection_adapters/postgresql_adapter.rb:568:in `initialize'
  activerecord (4.1.7) lib/active_record/connection_adapters/postgresql_adapter.rb:41:in `new'
  activerecord (4.1.7) lib/active_record/connection_adapters/postgresql_adapter.rb:41:in `postgresql_connection'
  activerecord (4.1.7) lib/active_record/connection_adapters/abstract/connection_pool.rb:435:in `new_connection'
  activerecord (4.1.7) lib/active_record/connection_adapters/abstract/connection_pool.rb:445:in `checkout_new_connection'
  activerecord (4.1.7) lib/active_record/connection_adapters/abstract/connection_pool.rb:416:in `acquire_connection'
  activerecord (4.1.7) lib/active_record/connection_adapters/abstract/connection_pool.rb:351:in `block in checkout'
  /Users/andreucasadella/.rvm/rubies/ruby-2.1.4/lib/ruby/2.1.0/monitor.rb:211:in `mon_synchronize'
  activerecord (4.1.7) lib/active_record/connection_adapters/abstract/connection_pool.rb:350:in `checkout'
  activerecord (4.1.7) lib/active_record/connection_adapters/abstract/connection_pool.rb:265:in `block in connection'
  /Users/andreucasadella/.rvm/rubies/ruby-2.1.4/lib/ruby/2.1.0/monitor.rb:211:in `mon_synchronize'
  activerecord (4.1.7) lib/active_record/connection_adapters/abstract/connection_pool.rb:264:in `connection'
  activerecord (4.1.7) lib/active_record/connection_adapters/abstract/connection_pool.rb:541:in `retrieve_connection'
  activerecord (4.1.7) lib/active_record/connection_handling.rb:113:in `retrieve_connection'
  activerecord (4.1.7) lib/active_record/connection_handling.rb:87:in `connection'
  activerecord (4.1.7) lib/active_record/query_cache.rb:51:in `restore_query_cache_settings'
  activerecord (4.1.7) lib/active_record/query_cache.rb:43:in `rescue in call'
  activerecord (4.1.7) lib/active_record/query_cache.rb:32:in `call'
  activerecord (4.1.7) lib/active_record/connection_adapters/abstract/connection_pool.rb:621:in `call'
  activerecord (4.1.7) lib/active_record/migration.rb:380:in `call'
  actionpack (4.1.7) lib/action_dispatch/middleware/callbacks.rb:29:in `block in call'
  activesupport (4.1.7) lib/active_support/callbacks.rb:82:in `run_callbacks'
  actionpack (4.1.7) lib/action_dispatch/middleware/callbacks.rb:27:in `call'
  actionpack (4.1.7) lib/action_dispatch/middleware/reloader.rb:73:in `call'
  actionpack (4.1.7) lib/action_dispatch/middleware/remote_ip.rb:76:in `call'
  actionpack (4.1.7) lib/action_dispatch/middleware/debug_exceptions.rb:17:in `call'
  actionpack (4.1.7) lib/action_dispatch/middleware/show_exceptions.rb:30:in `call'
  railties (4.1.7) lib/rails/rack/logger.rb:38:in `call_app'
  railties (4.1.7) lib/rails/rack/logger.rb:20:in `block in call'
  activesupport (4.1.7) lib/active_support/tagged_logging.rb:68:in `block in tagged'
  activesupport (4.1.7) lib/active_support/tagged_logging.rb:26:in `tagged'
  activesupport (4.1.7) lib/active_support/tagged_logging.rb:68:in `tagged'
  railties (4.1.7) lib/rails/rack/logger.rb:20:in `call'
  actionpack (4.1.7) lib/action_dispatch/middleware/request_id.rb:21:in `call'
  rack (1.5.2) lib/rack/methodoverride.rb:21:in `call'
  rack (1.5.2) lib/rack/runtime.rb:17:in `call'
  activesupport (4.1.7) lib/active_support/cache/strategy/local_cache_middleware.rb:26:in `call'
  rack (1.5.2) lib/rack/lock.rb:17:in `call'
  actionpack (4.1.7) lib/action_dispatch/middleware/static.rb:84:in `call'
  rack (1.5.2) lib/rack/sendfile.rb:112:in `call'
  railties (4.1.7) lib/rails/engine.rb:514:in `call'
  railties (4.1.7) lib/rails/application.rb:144:in `call'
  rack (1.5.2) lib/rack/lock.rb:17:in `call'
  rack (1.5.2) lib/rack/content_length.rb:14:in `call'
  rack (1.5.2) lib/rack/handler/webrick.rb:60:in `service'
  /Users/andreucasadella/.rvm/rubies/ruby-2.1.4/lib/ruby/2.1.0/webrick/httpserver.rb:138:in `service'
  /Users/andreucasadella/.rvm/rubies/ruby-2.1.4/lib/ruby/2.1.0/webrick/httpserver.rb:94:in `run'
  /Users/andreucasadella/.rvm/rubies/ruby-2.1.4/lib/ruby/2.1.0/webrick/server.rb:295:in `block in start_thread'


  Rendered /Users/andreucasadella/.rvm/gems/ruby-2.1.4/gems/actionpack-4.1.7/lib/action_dispatch/middleware/templates/rescues/_source.erb (0.9ms)
  Rendered /Users/andreucasadella/.rvm/gems/ruby-2.1.4/gems/actionpack-4.1.7/lib/action_dispatch/middleware/templates/rescues/_trace.html.erb (1.3ms)
  Rendered /Users/andreucasadella/.rvm/gems/ruby-2.1.4/gems/actionpack-4.1.7/lib/action_dispatch/middleware/templates/rescues/_request_and_response.html.erb (2.3ms)
  Rendered /Users/andreucasadella/.rvm/gems/ruby-2.1.4/gems/actionpack-4.1.7/lib/action_dispatch/middleware/templates/rescues/diagnostics.erb within rescues/layout (41.2ms)
  [1m[36m (230.1ms)[0m  [1mCREATE TABLE "schema_migrations" ("version" character varying(255) NOT NULL) [0m
  [1m[35m (95.2ms)[0m  CREATE UNIQUE INDEX  "unique_schema_migrations" ON "schema_migrations"  ("version")
  [1m[36mActiveRecord::SchemaMigration Load (26.3ms)[0m  [1mSELECT "schema_migrations".* FROM "schema_migrations"[0m
Migrating to CreateTrips (20150306225913)
  [1m[35m (0.3ms)[0m  BEGIN
  [1m[36m (128.1ms)[0m  [1mCREATE TABLE "trips" ("id" serial primary key, "customer_id" integer, "bike_id" integer, "date_removed" timestamp, "station_removed" integer, "date_arrived" timestamp, "station_arrived" integer, "action" character varying(255), "created_at" timestamp, "updated_at" timestamp) [0m
  [1m[35mSQL (0.8ms)[0m  INSERT INTO "schema_migrations" ("version") VALUES ($1)  [["version", "20150306225913"]]
  [1m[36m (0.9ms)[0m  [1mCOMMIT[0m
  [1m[35mActiveRecord::SchemaMigration Load (0.4ms)[0m  SELECT "schema_migrations".* FROM "schema_migrations"


Started GET "/" for 127.0.0.1 at 2015-03-06 17:00:25 -0600
  [1m[36mActiveRecord::SchemaMigration Load (0.5ms)[0m  [1mSELECT "schema_migrations".* FROM "schema_migrations"[0m
Processing by Rails::WelcomeController#index as HTML
  Rendered /Users/andreucasadella/.rvm/gems/ruby-2.1.4/gems/railties-4.1.7/lib/rails/templates/rails/welcome/index.html.erb (17.2ms)
Completed 200 OK in 125ms (Views: 75.3ms | ActiveRecord: 0.0ms)


Started GET "/" for 127.0.0.1 at 2015-03-06 17:01:09 -0600
Processing by Rails::WelcomeController#index as HTML
  Rendered /Users/andreucasadella/.rvm/gems/ruby-2.1.4/gems/railties-4.1.7/lib/rails/templates/rails/welcome/index.html.erb (0.1ms)
Completed 200 OK in 12ms (Views: 11.7ms | ActiveRecord: 0.0ms)


Started GET "/" for 127.0.0.1 at 2015-03-06 17:01:44 -0600
Processing by Rails::WelcomeController#index as HTML
  Rendered /Users/andreucasadella/.rvm/gems/ruby-2.1.4/gems/railties-4.1.7/lib/rails/templates/rails/welcome/index.html.erb (0.1ms)
Completed 200 OK in 16ms (Views: 15.7ms | ActiveRecord: 0.0ms)


Started GET "/" for 127.0.0.1 at 2015-03-06 17:03:43 -0600
Processing by Rails::WelcomeController#index as HTML
  Rendered /Users/andreucasadella/.rvm/gems/ruby-2.1.4/gems/railties-4.1.7/lib/rails/templates/rails/welcome/index.html.erb (0.1ms)
Completed 200 OK in 29ms (Views: 28.5ms | ActiveRecord: 0.0ms)


Started GET "/" for 127.0.0.1 at 2015-03-06 17:04:37 -0600
Processing by Rails::WelcomeController#index as HTML
  Rendered /Users/andreucasadella/.rvm/gems/ruby-2.1.4/gems/railties-4.1.7/lib/rails/templates/rails/welcome/index.html.erb (0.1ms)
Completed 200 OK in 20ms (Views: 19.0ms | ActiveRecord: 0.0ms)


Started GET "/" for 127.0.0.1 at 2015-03-06 17:06:39 -0600
  [1m[36mActiveRecord::SchemaMigration Load (0.7ms)[0m  [1mSELECT "schema_migrations".* FROM "schema_migrations"[0m
Processing by Rails::WelcomeController#index as HTML
  Rendered /Users/andreucasadella/.rvm/gems/ruby-2.1.4/gems/railties-4.1.7/lib/rails/templates/rails/welcome/index.html.erb (16.8ms)
Completed 200 OK in 111ms (Views: 58.8ms | ActiveRecord: 0.0ms)


Started GET "/" for 127.0.0.1 at 2015-03-06 17:09:07 -0600
Processing by TripsController#index as HTML
  [1m[35mTrip Load (5.7ms)[0m  SELECT "trips".* FROM "trips"
  Rendered trips/index.html.erb within layouts/application (7.4ms)
Completed 200 OK in 2460ms (Views: 2451.8ms | ActiveRecord: 5.7ms)


Started GET "/assets/trips.css?body=1" for 127.0.0.1 at 2015-03-06 17:09:09 -0600


Started GET "/assets/application.css?body=1" for 127.0.0.1 at 2015-03-06 17:09:09 -0600


Started GET "/assets/scaffolds.css?body=1" for 127.0.0.1 at 2015-03-06 17:09:09 -0600


Started GET "/assets/jquery_ujs.js?body=1" for 127.0.0.1 at 2015-03-06 17:09:09 -0600


Started GET "/assets/jquery.js?body=1" for 127.0.0.1 at 2015-03-06 17:09:09 -0600


Started GET "/assets/trips.js?body=1" for 127.0.0.1 at 2015-03-06 17:09:09 -0600


Started GET "/assets/turbolinks.js?body=1" for 127.0.0.1 at 2015-03-06 17:09:09 -0600


Started GET "/assets/application.js?body=1" for 127.0.0.1 at 2015-03-06 17:09:09 -0600


Started GET "/trips/new" for 127.0.0.1 at 2015-03-06 17:09:22 -0600
Processing by TripsController#new as HTML
  Rendered trips/_form.html.erb (156.4ms)
  Rendered trips/new.html.erb within layouts/application (184.2ms)
Completed 200 OK in 294ms (Views: 289.3ms | ActiveRecord: 2.5ms)


Started GET "/trips/new" for 127.0.0.1 at 2015-03-06 17:09:29 -0600
Processing by TripsController#new as HTML
  Rendered trips/_form.html.erb (10.0ms)
  Rendered trips/new.html.erb within layouts/application (11.1ms)
Completed 200 OK in 64ms (Views: 63.2ms | ActiveRecord: 0.0ms)


Started GET "/" for 127.0.0.1 at 2015-03-06 23:05:52 -0600
Processing by TripsController#index as HTML
  [1m[36mTrip Load (42.5ms)[0m  [1mSELECT "trips".* FROM "trips"[0m
  Rendered trips/index.html.erb within layouts/application (57.9ms)
Completed 200 OK in 559ms (Views: 447.2ms | ActiveRecord: 42.5ms)


Started GET "/assets/scaffolds.css?body=1" for 127.0.0.1 at 2015-03-06 23:05:54 -0600


Started GET "/assets/application.css?body=1" for 127.0.0.1 at 2015-03-06 23:05:54 -0600


Started GET "/assets/turbolinks.js?body=1" for 127.0.0.1 at 2015-03-06 23:05:54 -0600


Started GET "/assets/jquery_ujs.js?body=1" for 127.0.0.1 at 2015-03-06 23:05:54 -0600


Started GET "/assets/trips.css?body=1" for 127.0.0.1 at 2015-03-06 23:05:54 -0600


Started GET "/assets/application.js?body=1" for 127.0.0.1 at 2015-03-06 23:05:54 -0600


Started GET "/assets/trips.js?body=1" for 127.0.0.1 at 2015-03-06 23:05:54 -0600


Started GET "/assets/jquery.js?body=1" for 127.0.0.1 at 2015-03-06 23:05:54 -0600


Started GET "/trips/new" for 127.0.0.1 at 2015-03-06 23:05:58 -0600
Processing by TripsController#new as HTML
  Rendered trips/_form.html.erb (71.1ms)
  Rendered trips/new.html.erb within layouts/application (73.3ms)
Completed 200 OK in 159ms (Views: 157.6ms | ActiveRecord: 0.0ms)
